Using pre-set license
Built from '2020.3/staging' branch; Version is '2020.3.16f1 (049d6eca3c44) revision 302446'; Using compiler version '192528614'; Build Type 'Release'
OS: 'Windows 10 Enterprise; OS build 17763.1518; Version 1809; 64bit' Language: 'en' Physical Memory: 16235 MB
BatchMode: 1, IsHumanControllingUs: 0, StartBugReporterOnCrash: 0, Is64bit: 1, IsPro: 0

 COMMAND LINE ARGUMENTS:
C:\Program Files\Unity\Hub\Editor\2020.3.16f1\Editor\Unity.exe
-adb2
-batchMode
-noUpm
-name
AssetImportWorker0
-projectPath
C:/Users/jborbolla/Documents/New Unity Project
-logFile
Logs/AssetImportWorker0.log
-srvPort
55117
Successfully changed project path to: C:/Users/jborbolla/Documents/New Unity Project
C:/Users/jborbolla/Documents/New Unity Project
Using Asset Import Pipeline V2.
Refreshing native plugins compatible for Editor in 27.95 ms, found 2 plugins.
Preloading 0 native plugins for Editor in 0.00 ms.
Initialize engine version: 2020.3.16f1 (049d6eca3c44)
[Subsystems] Discovering subsystems at path C:/Program Files/Unity/Hub/Editor/2020.3.16f1/Editor/Data/Resources/UnitySubsystems
[Subsystems] Discovering subsystems at path C:/Users/jborbolla/Documents/New Unity Project/Assets
GfxDevice: creating device client; threaded=0
Direct3D:
    Version:  Direct3D 11.0 [level 11.1]
    Renderer: NVIDIA Quadro P2000 (ID=0x1cba)
    Vendor:   
    VRAM:     4018 MB
    Driver:   27.21.14.5225
Initialize mono
Mono path[0] = 'C:/Program Files/Unity/Hub/Editor/2020.3.16f1/Editor/Data/Managed'
Mono path[1] = 'C:/Program Files/Unity/Hub/Editor/2020.3.16f1/Editor/Data/MonoBleedingEdge/lib/mono/unityjit'
Mono config path = 'C:/Program Files/Unity/Hub/Editor/2020.3.16f1/Editor/Data/MonoBleedingEdge/etc'
Using monoOptions --debugger-agent=transport=dt_socket,embedding=1,server=y,suspend=n,address=127.0.0.1:56000
Begin MonoManager ReloadAssembly
Registering precompiled unity dll's ...
Register platform support module: C:/Program Files/Unity/Hub/Editor/2020.3.16f1/Editor/Data/PlaybackEngines/WindowsStandaloneSupport/UnityEditor.WindowsStandalone.Extensions.dll
Registered in 0.002322 seconds.
Native extension for WindowsStandalone target not found
Refreshing native plugins compatible for Editor in 24.85 ms, found 2 plugins.
Preloading 0 native plugins for Editor in 0.00 ms.
Mono: successfully reloaded assembly
- Completed reload, in  1.560 seconds
Domain Reload Profiling:
	ReloadAssembly (1560ms)
		BeginReloadAssembly (68ms)
			ExecutionOrderSort (0ms)
			DisableScriptedObjects (0ms)
			BackupInstance (0ms)
			ReleaseScriptingObjects (0ms)
			CreateAndSetChildDomain (1ms)
		EndReloadAssembly (432ms)
			LoadAssemblies (65ms)
			RebuildTransferFunctionScriptingTraits (0ms)
			SetupTypeCache (163ms)
			ReleaseScriptCaches (0ms)
			RebuildScriptCaches (30ms)
			SetupLoadedEditorAssemblies (162ms)
				LogAssemblyErrors (0ms)
				InitializePlatformSupportModulesInManaged (4ms)
				SetLoadedEditorAssemblies (0ms)
				RefreshPlugins (25ms)
				BeforeProcessingInitializeOnLoad (19ms)
				ProcessInitializeOnLoadAttributes (83ms)
				ProcessInitializeOnLoadMethodAttributes (31ms)
				AfterProcessingInitializeOnLoad (0ms)
				EditorAssembliesLoaded (0ms)
			ExecutionOrderSort2 (0ms)
			AwakeInstancesAfterBackupRestoration (0ms)
Platform modules already initialized, skipping
Registering precompiled user dll's ...
Registered in 0.008786 seconds.
Begin MonoManager ReloadAssembly
Native extension for WindowsStandalone target not found
Refreshing native plugins compatible for Editor in 0.29 ms, found 2 plugins.
Preloading 0 native plugins for Editor in 0.00 ms.
Mono: successfully reloaded assembly
- Completed reload, in  1.064 seconds
Domain Reload Profiling:
	ReloadAssembly (1065ms)
		BeginReloadAssembly (150ms)
			ExecutionOrderSort (0ms)
			DisableScriptedObjects (5ms)
			BackupInstance (0ms)
			ReleaseScriptingObjects (0ms)
			CreateAndSetChildDomain (16ms)
		EndReloadAssembly (859ms)
			LoadAssemblies (93ms)
			RebuildTransferFunctionScriptingTraits (0ms)
			SetupTypeCache (279ms)
			ReleaseScriptCaches (0ms)
			RebuildScriptCaches (38ms)
			SetupLoadedEditorAssemblies (368ms)
				LogAssemblyErrors (0ms)
				InitializePlatformSupportModulesInManaged (4ms)
				SetLoadedEditorAssemblies (0ms)
				RefreshPlugins (0ms)
				BeforeProcessingInitializeOnLoad (72ms)
				ProcessInitializeOnLoadAttributes (281ms)
				ProcessInitializeOnLoadMethodAttributes (4ms)
				AfterProcessingInitializeOnLoad (6ms)
				EditorAssembliesLoaded (0ms)
			ExecutionOrderSort2 (0ms)
			AwakeInstancesAfterBackupRestoration (6ms)
Platform modules already initialized, skipping
========================================================================
Worker process is ready to serve import requests
Launched and connected shader compiler UnityShaderCompiler.exe after 0.08 seconds
Refreshing native plugins compatible for Editor in 0.30 ms, found 2 plugins.
Preloading 0 native plugins for Editor in 0.00 ms.
Unloading 1400 Unused Serialized files (Serialized files now loaded: 0)
System memory in use before: 65.4 MB.
System memory in use after: 65.5 MB.

Unloading 18 unused Assets to reduce memory usage. Loaded Objects now: 1836.
Total: 2.657200 ms (FindLiveObjects: 0.142700 ms CreateObjectMapping: 0.036300 ms MarkObjects: 2.415500 ms  DeleteObjects: 0.061800 ms)

AssetImportParameters requested are different than current active one (requested -> active):
  custom:framework-win-MediaFoundation: 216162199b28c13a410421893ffa2e32 -> 
  custom:video-decoder-ogg-theora: a1e56fd34408186e4bbccfd4996cb3dc -> 
  custom:container-muxer-webm: aa71ff27fc2769a1b78a27578f13a17b -> 
  custom:container-demuxer-webm: 4f35f7cbe854078d1ac9338744f61a02 -> 
  custom:container-demuxer-ogg: 62fdf1f143b41e24485cea50d1cbac27 -> 
  custom:video-encoder-webm-vp8: eb34c28f22e8b96e1ab97ce403110664 -> 
  custom:video-decoder-webm-vp8: 9c59270c3fd7afecdb556c50c9e8de78 -> 
  custom:audio-decoder-ogg-vorbis: bf7c407c2cedff20999df2af8eb42d56 -> 
  custom:audio-encoder-webm-vorbis: bf7c407c2cedff20999df2af8eb42d56 -> 
========================================================================
Received Import Request.
  path: Assets/Script/Skycolor.cs
  artifactKey: Guid(5e7c6a036100aa64881c02fa286498f8) Importer(815301076,1909f56bfc062723c751e8b465ee728b)
Start importing Assets/Script/Skycolor.cs using Guid(5e7c6a036100aa64881c02fa286498f8) Importer(815301076,1909f56bfc062723c751e8b465ee728b)  -> (artifact id: '0994be73d5216b2998c95e2df34fdb7f') in 0.048024 seconds 
  Import took 0.050241 seconds .

========================================================================
Received Prepare
Registering precompiled user dll's ...
Registered in 0.009227 seconds.
Begin MonoManager ReloadAssembly
Native extension for WindowsStandalone target not found
Refreshing native plugins compatible for Editor in 0.29 ms, found 2 plugins.
Preloading 0 native plugins for Editor in 0.00 ms.
Mono: successfully reloaded assembly
- Completed reload, in  0.950 seconds
Domain Reload Profiling:
	ReloadAssembly (950ms)
		BeginReloadAssembly (106ms)
			ExecutionOrderSort (0ms)
			DisableScriptedObjects (4ms)
			BackupInstance (0ms)
			ReleaseScriptingObjects (0ms)
			CreateAndSetChildDomain (29ms)
		EndReloadAssembly (784ms)
			LoadAssemblies (91ms)
			RebuildTransferFunctionScriptingTraits (0ms)
			SetupTypeCache (242ms)
			ReleaseScriptCaches (1ms)
			RebuildScriptCaches (35ms)
			SetupLoadedEditorAssemblies (341ms)
				LogAssemblyErrors (0ms)
				InitializePlatformSupportModulesInManaged (5ms)
				SetLoadedEditorAssemblies (0ms)
				RefreshPlugins (0ms)
				BeforeProcessingInitializeOnLoad (64ms)
				ProcessInitializeOnLoadAttributes (261ms)
				ProcessInitializeOnLoadMethodAttributes (4ms)
				AfterProcessingInitializeOnLoad (6ms)
				EditorAssembliesLoaded (0ms)
			ExecutionOrderSort2 (0ms)
			AwakeInstancesAfterBackupRestoration (6ms)
Platform modules already initialized, skipping
Refreshing native plugins compatible for Editor in 0.28 ms, found 2 plugins.
Preloading 0 native plugins for Editor in 0.00 ms.
Unloading 1394 Unused Serialized files (Serialized files now loaded: 0)
System memory in use before: 65.2 MB.
System memory in use after: 65.4 MB.

Unloading 13 unused Assets to reduce memory usage. Loaded Objects now: 1838.
Total: 2.664800 ms (FindLiveObjects: 0.138200 ms CreateObjectMapping: 0.039000 ms MarkObjects: 2.472500 ms  DeleteObjects: 0.014300 ms)

AssetImportParameters requested are different than current active one (requested -> active):
  custom:framework-win-MediaFoundation: 216162199b28c13a410421893ffa2e32 -> 
  custom:video-decoder-ogg-theora: a1e56fd34408186e4bbccfd4996cb3dc -> 
  custom:container-muxer-webm: aa71ff27fc2769a1b78a27578f13a17b -> 
  custom:container-demuxer-webm: 4f35f7cbe854078d1ac9338744f61a02 -> 
  custom:container-demuxer-ogg: 62fdf1f143b41e24485cea50d1cbac27 -> 
  custom:video-encoder-webm-vp8: eb34c28f22e8b96e1ab97ce403110664 -> 
  custom:video-decoder-webm-vp8: 9c59270c3fd7afecdb556c50c9e8de78 -> 
  custom:audio-decoder-ogg-vorbis: bf7c407c2cedff20999df2af8eb42d56 -> 
  custom:audio-encoder-webm-vorbis: bf7c407c2cedff20999df2af8eb42d56 -> 
========================================================================
Received Import Request.
  Time since last request: 109.807535 seconds.
  path: Assets/Script/Skycolor.cs
  artifactKey: Guid(5e7c6a036100aa64881c02fa286498f8) Importer(815301076,1909f56bfc062723c751e8b465ee728b)
Start importing Assets/Script/Skycolor.cs using Guid(5e7c6a036100aa64881c02fa286498f8) Importer(815301076,1909f56bfc062723c751e8b465ee728b)  -> (artifact id: '14ac8a54d949e6dc7932b419e08f01f0') in 0.005031 seconds 
  Import took 0.017275 seconds .

========================================================================
Received Import Request.
  Time since last request: 855.198581 seconds.
  path: Assets/imports/perfect-lowpoly-crate
  artifactKey: Guid(bf4dfe5f1b9911842a4c9da9f7a4ac74) Importer(815301076,1909f56bfc062723c751e8b465ee728b)
Start importing Assets/imports/perfect-lowpoly-crate using Guid(bf4dfe5f1b9911842a4c9da9f7a4ac74) Importer(815301076,1909f56bfc062723c751e8b465ee728b)  -> (artifact id: '89e8dbfe36124a7121748b90fd5fdc8f') in 0.005163 seconds 
  Import took 0.008575 seconds .

========================================================================
Received Prepare
Registering precompiled user dll's ...
Registered in 0.008530 seconds.
Begin MonoManager ReloadAssembly
Native extension for WindowsStandalone target not found
Refreshing native plugins compatible for Editor in 0.32 ms, found 2 plugins.
Preloading 0 native plugins for Editor in 0.00 ms.
Mono: successfully reloaded assembly
- Completed reload, in  0.966 seconds
Domain Reload Profiling:
	ReloadAssembly (966ms)
		BeginReloadAssembly (107ms)
			ExecutionOrderSort (0ms)
			DisableScriptedObjects (4ms)
			BackupInstance (0ms)
			ReleaseScriptingObjects (0ms)
			CreateAndSetChildDomain (31ms)
		EndReloadAssembly (802ms)
			LoadAssemblies (90ms)
			RebuildTransferFunctionScriptingTraits (0ms)
			SetupTypeCache (243ms)
			ReleaseScriptCaches (1ms)
			RebuildScriptCaches (39ms)
			SetupLoadedEditorAssemblies (338ms)
				LogAssemblyErrors (0ms)
				InitializePlatformSupportModulesInManaged (5ms)
				SetLoadedEditorAssemblies (0ms)
				RefreshPlugins (0ms)
				BeforeProcessingInitializeOnLoad (65ms)
				ProcessInitializeOnLoadAttributes (256ms)
				ProcessInitializeOnLoadMethodAttributes (5ms)
				AfterProcessingInitializeOnLoad (6ms)
				EditorAssembliesLoaded (0ms)
			ExecutionOrderSort2 (0ms)
			AwakeInstancesAfterBackupRestoration (6ms)
Platform modules already initialized, skipping
Refreshing native plugins compatible for Editor in 0.31 ms, found 2 plugins.
Preloading 0 native plugins for Editor in 0.00 ms.
Unloading 1394 Unused Serialized files (Serialized files now loaded: 0)
System memory in use before: 65.3 MB.
System memory in use after: 65.4 MB.

Unloading 13 unused Assets to reduce memory usage. Loaded Objects now: 1840.
Total: 2.563100 ms (FindLiveObjects: 0.134000 ms CreateObjectMapping: 0.039900 ms MarkObjects: 2.371400 ms  DeleteObjects: 0.016800 ms)

AssetImportParameters requested are different than current active one (requested -> active):
  custom:framework-win-MediaFoundation: 216162199b28c13a410421893ffa2e32 -> 
  custom:video-decoder-ogg-theora: a1e56fd34408186e4bbccfd4996cb3dc -> 
  custom:container-muxer-webm: aa71ff27fc2769a1b78a27578f13a17b -> 
  custom:container-demuxer-webm: 4f35f7cbe854078d1ac9338744f61a02 -> 
  custom:container-demuxer-ogg: 62fdf1f143b41e24485cea50d1cbac27 -> 
  custom:video-encoder-webm-vp8: eb34c28f22e8b96e1ab97ce403110664 -> 
  custom:video-decoder-webm-vp8: 9c59270c3fd7afecdb556c50c9e8de78 -> 
  custom:audio-decoder-ogg-vorbis: bf7c407c2cedff20999df2af8eb42d56 -> 
  custom:audio-encoder-webm-vorbis: bf7c407c2cedff20999df2af8eb42d56 -> 
========================================================================
Received Import Request.
  Time since last request: 78.560775 seconds.
  path: Assets/Script/Skycolor.cs
  artifactKey: Guid(5e7c6a036100aa64881c02fa286498f8) Importer(815301076,1909f56bfc062723c751e8b465ee728b)
Start importing Assets/Script/Skycolor.cs using Guid(5e7c6a036100aa64881c02fa286498f8) Importer(815301076,1909f56bfc062723c751e8b465ee728b)  -> (artifact id: '00ca6d950045d6c20ff35fa66203231f') in 0.004948 seconds 
  Import took 0.006992 seconds .

========================================================================
Received Prepare
Registering precompiled user dll's ...
Registered in 0.010321 seconds.
Begin MonoManager ReloadAssembly
Native extension for WindowsStandalone target not found
Refreshing native plugins compatible for Editor in 0.29 ms, found 2 plugins.
Preloading 0 native plugins for Editor in 0.00 ms.
Mono: successfully reloaded assembly
- Completed reload, in  0.925 seconds
Domain Reload Profiling:
	ReloadAssembly (926ms)
		BeginReloadAssembly (103ms)
			ExecutionOrderSort (0ms)
			DisableScriptedObjects (4ms)
			BackupInstance (0ms)
			ReleaseScriptingObjects (0ms)
			CreateAndSetChildDomain (28ms)
		EndReloadAssembly (765ms)
			LoadAssemblies (92ms)
			RebuildTransferFunctionScriptingTraits (0ms)
			SetupTypeCache (237ms)
			ReleaseScriptCaches (1ms)
			RebuildScriptCaches (35ms)
			SetupLoadedEditorAssemblies (326ms)
				LogAssemblyErrors (0ms)
				InitializePlatformSupportModulesInManaged (5ms)
				SetLoadedEditorAssemblies (0ms)
				RefreshPlugins (0ms)
				BeforeProcessingInitializeOnLoad (65ms)
				ProcessInitializeOnLoadAttributes (245ms)
				ProcessInitializeOnLoadMethodAttributes (4ms)
				AfterProcessingInitializeOnLoad (6ms)
				EditorAssembliesLoaded (0ms)
			ExecutionOrderSort2 (0ms)
			AwakeInstancesAfterBackupRestoration (6ms)
Platform modules already initialized, skipping
Refreshing native plugins compatible for Editor in 0.28 ms, found 2 plugins.
Preloading 0 native plugins for Editor in 0.00 ms.
Unloading 1394 Unused Serialized files (Serialized files now loaded: 0)
System memory in use before: 65.3 MB.
System memory in use after: 65.4 MB.

Unloading 13 unused Assets to reduce memory usage. Loaded Objects now: 1842.
Total: 2.671000 ms (FindLiveObjects: 0.114500 ms CreateObjectMapping: 0.034700 ms MarkObjects: 2.506200 ms  DeleteObjects: 0.014700 ms)

AssetImportParameters requested are different than current active one (requested -> active):
  custom:framework-win-MediaFoundation: 216162199b28c13a410421893ffa2e32 -> 
  custom:video-decoder-ogg-theora: a1e56fd34408186e4bbccfd4996cb3dc -> 
  custom:container-muxer-webm: aa71ff27fc2769a1b78a27578f13a17b -> 
  custom:container-demuxer-webm: 4f35f7cbe854078d1ac9338744f61a02 -> 
  custom:container-demuxer-ogg: 62fdf1f143b41e24485cea50d1cbac27 -> 
  custom:video-encoder-webm-vp8: eb34c28f22e8b96e1ab97ce403110664 -> 
  custom:video-decoder-webm-vp8: 9c59270c3fd7afecdb556c50c9e8de78 -> 
  custom:audio-decoder-ogg-vorbis: bf7c407c2cedff20999df2af8eb42d56 -> 
  custom:audio-encoder-webm-vorbis: bf7c407c2cedff20999df2af8eb42d56 -> 
========================================================================
Received Import Request.
  Time since last request: 20.285755 seconds.
  path: Assets/Script/Skycolor.cs
  artifactKey: Guid(5e7c6a036100aa64881c02fa286498f8) Importer(815301076,1909f56bfc062723c751e8b465ee728b)
Start importing Assets/Script/Skycolor.cs using Guid(5e7c6a036100aa64881c02fa286498f8) Importer(815301076,1909f56bfc062723c751e8b465ee728b)  -> (artifact id: '87b37607139f0dde7cbded5cfe87337d') in 0.005007 seconds 
  Import took 0.007297 seconds .

========================================================================
Received Prepare
Registering precompiled user dll's ...
Registered in 0.008358 seconds.
Begin MonoManager ReloadAssembly
Native extension for WindowsStandalone target not found
Refreshing native plugins compatible for Editor in 0.29 ms, found 2 plugins.
Preloading 0 native plugins for Editor in 0.00 ms.
Mono: successfully reloaded assembly
- Completed reload, in  0.942 seconds
Domain Reload Profiling:
	ReloadAssembly (943ms)
		BeginReloadAssembly (103ms)
			ExecutionOrderSort (0ms)
			DisableScriptedObjects (5ms)
			BackupInstance (0ms)
			ReleaseScriptingObjects (0ms)
			CreateAndSetChildDomain (27ms)
		EndReloadAssembly (783ms)
			LoadAssemblies (90ms)
			RebuildTransferFunctionScriptingTraits (0ms)
			SetupTypeCache (239ms)
			ReleaseScriptCaches (1ms)
			RebuildScriptCaches (34ms)
			SetupLoadedEditorAssemblies (344ms)
				LogAssemblyErrors (0ms)
				InitializePlatformSupportModulesInManaged (4ms)
				SetLoadedEditorAssemblies (0ms)
				RefreshPlugins (0ms)
				BeforeProcessingInitializeOnLoad (64ms)
				ProcessInitializeOnLoadAttributes (264ms)
				ProcessInitializeOnLoadMethodAttributes (4ms)
				AfterProcessingInitializeOnLoad (6ms)
				EditorAssembliesLoaded (0ms)
			ExecutionOrderSort2 (0ms)
			AwakeInstancesAfterBackupRestoration (6ms)
Platform modules already initialized, skipping
Refreshing native plugins compatible for Editor in 0.31 ms, found 2 plugins.
Preloading 0 native plugins for Editor in 0.00 ms.
Unloading 1394 Unused Serialized files (Serialized files now loaded: 0)
System memory in use before: 65.3 MB.
System memory in use after: 65.4 MB.

Unloading 13 unused Assets to reduce memory usage. Loaded Objects now: 1844.
Total: 2.785100 ms (FindLiveObjects: 0.133500 ms CreateObjectMapping: 0.040000 ms MarkObjects: 2.594900 ms  DeleteObjects: 0.015600 ms)

AssetImportParameters requested are different than current active one (requested -> active):
  custom:framework-win-MediaFoundation: 216162199b28c13a410421893ffa2e32 -> 
  custom:video-decoder-ogg-theora: a1e56fd34408186e4bbccfd4996cb3dc -> 
  custom:container-muxer-webm: aa71ff27fc2769a1b78a27578f13a17b -> 
  custom:container-demuxer-webm: 4f35f7cbe854078d1ac9338744f61a02 -> 
  custom:container-demuxer-ogg: 62fdf1f143b41e24485cea50d1cbac27 -> 
  custom:video-encoder-webm-vp8: eb34c28f22e8b96e1ab97ce403110664 -> 
  custom:video-decoder-webm-vp8: 9c59270c3fd7afecdb556c50c9e8de78 -> 
  custom:audio-decoder-ogg-vorbis: bf7c407c2cedff20999df2af8eb42d56 -> 
  custom:audio-encoder-webm-vorbis: bf7c407c2cedff20999df2af8eb42d56 -> 
========================================================================
Received Prepare
Registering precompiled user dll's ...
Registered in 0.008749 seconds.
Begin MonoManager ReloadAssembly
Native extension for WindowsStandalone target not found
Refreshing native plugins compatible for Editor in 0.28 ms, found 2 plugins.
Preloading 0 native plugins for Editor in 0.00 ms.
Mono: successfully reloaded assembly
- Completed reload, in  0.926 seconds
Domain Reload Profiling:
	ReloadAssembly (927ms)
		BeginReloadAssembly (103ms)
			ExecutionOrderSort (0ms)
			DisableScriptedObjects (4ms)
			BackupInstance (0ms)
			ReleaseScriptingObjects (0ms)
			CreateAndSetChildDomain (27ms)
		EndReloadAssembly (768ms)
			LoadAssemblies (91ms)
			RebuildTransferFunctionScriptingTraits (0ms)
			SetupTypeCache (230ms)
			ReleaseScriptCaches (1ms)
			RebuildScriptCaches (33ms)
			SetupLoadedEditorAssemblies (339ms)
				LogAssemblyErrors (0ms)
				InitializePlatformSupportModulesInManaged (4ms)
				SetLoadedEditorAssemblies (0ms)
				RefreshPlugins (0ms)
				BeforeProcessingInitializeOnLoad (64ms)
				ProcessInitializeOnLoadAttributes (260ms)
				ProcessInitializeOnLoadMethodAttributes (4ms)
				AfterProcessingInitializeOnLoad (7ms)
				EditorAssembliesLoaded (0ms)
			ExecutionOrderSort2 (0ms)
			AwakeInstancesAfterBackupRestoration (6ms)
Platform modules already initialized, skipping
Refreshing native plugins compatible for Editor in 0.33 ms, found 2 plugins.
Preloading 0 native plugins for Editor in 0.00 ms.
Unloading 1394 Unused Serialized files (Serialized files now loaded: 0)
System memory in use before: 65.3 MB.
System memory in use after: 65.4 MB.

Unloading 13 unused Assets to reduce memory usage. Loaded Objects now: 1846.
Total: 2.877400 ms (FindLiveObjects: 0.123900 ms CreateObjectMapping: 0.038300 ms MarkObjects: 2.698900 ms  DeleteObjects: 0.015500 ms)

AssetImportParameters requested are different than current active one (requested -> active):
  custom:framework-win-MediaFoundation: 216162199b28c13a410421893ffa2e32 -> 
  custom:video-decoder-ogg-theora: a1e56fd34408186e4bbccfd4996cb3dc -> 
  custom:container-muxer-webm: aa71ff27fc2769a1b78a27578f13a17b -> 
  custom:container-demuxer-webm: 4f35f7cbe854078d1ac9338744f61a02 -> 
  custom:container-demuxer-ogg: 62fdf1f143b41e24485cea50d1cbac27 -> 
  custom:video-encoder-webm-vp8: eb34c28f22e8b96e1ab97ce403110664 -> 
  custom:video-decoder-webm-vp8: 9c59270c3fd7afecdb556c50c9e8de78 -> 
  custom:audio-decoder-ogg-vorbis: bf7c407c2cedff20999df2af8eb42d56 -> 
  custom:audio-encoder-webm-vorbis: bf7c407c2cedff20999df2af8eb42d56 -> 
========================================================================
Received Import Request.
  Time since last request: 282.105024 seconds.
  path: Assets/prefabs
  artifactKey: Guid(8b1dcb796c84f344181f25f026b84d61) Importer(815301076,1909f56bfc062723c751e8b465ee728b)
Start importing Assets/prefabs using Guid(8b1dcb796c84f344181f25f026b84d61) Importer(815301076,1909f56bfc062723c751e8b465ee728b)  -> (artifact id: 'f4a182cd0eccc047bd0da26564fb9fa3') in 0.007347 seconds 
  Import took 0.009848 seconds .

========================================================================
Received Import Request.
  Time since last request: 1.211406 seconds.
  path: Assets/8312021.unity
  artifactKey: Guid(9b90323117fd8374f9adc52ba2ca48f5) Importer(815301076,1909f56bfc062723c751e8b465ee728b)
Start importing Assets/8312021.unity using Guid(9b90323117fd8374f9adc52ba2ca48f5) Importer(815301076,1909f56bfc062723c751e8b465ee728b)  -> (artifact id: 'c2bd3a934512d3b780ccbc8ba3a203ff') in 0.013142 seconds 
  Import took 0.024720 seconds .

========================================================================
Received Import Request.
  Time since last request: 138.708047 seconds.
  path: Assets/prefabs/house.prefab
  artifactKey: Guid(4fe1706001bc38047a0cc2c96d6acaeb) Importer(815301076,1909f56bfc062723c751e8b465ee728b)
Start importing Assets/prefabs/house.prefab using Guid(4fe1706001bc38047a0cc2c96d6acaeb) Importer(815301076,1909f56bfc062723c751e8b465ee728b)  -> (artifact id: 'd1a7baf86c6c6263a3f09cafd0341475') in 0.082529 seconds 
  Import took 0.085353 seconds .

========================================================================
Received Import Request.
  Time since last request: 20.990006 seconds.
  path: Assets/prefabs/Rock.prefab
  artifactKey: Guid(ed7575858e744b94da4ec9a8c1dfea24) Importer(815301076,1909f56bfc062723c751e8b465ee728b)
Start importing Assets/prefabs/Rock.prefab using Guid(ed7575858e744b94da4ec9a8c1dfea24) Importer(815301076,1909f56bfc062723c751e8b465ee728b)  -> (artifact id: '763557708931dd7fe6fccf91619e541d') in 0.033455 seconds 
  Import took 0.035944 seconds .

========================================================================
Received Import Request.
  Time since last request: 2.772858 seconds.
  path: Assets/prefabs/Stones.prefab
  artifactKey: Guid(67828319a44fea94fa4f88d13e31b374) Importer(815301076,1909f56bfc062723c751e8b465ee728b)
Start importing Assets/prefabs/Stones.prefab using Guid(67828319a44fea94fa4f88d13e31b374) Importer(815301076,1909f56bfc062723c751e8b465ee728b)  -> (artifact id: '852bddf38afdcdcb54cce0d12cd334b8') in 0.012797 seconds 
  Import took 0.016010 seconds .

========================================================================
Received Import Request.
  Time since last request: 2.883311 seconds.
  path: Assets/prefabs/Mushroom.prefab
  artifactKey: Guid(1f82acfe795afe043879714c0d396c4d) Importer(815301076,1909f56bfc062723c751e8b465ee728b)
Start importing Assets/prefabs/Mushroom.prefab using Guid(1f82acfe795afe043879714c0d396c4d) Importer(815301076,1909f56bfc062723c751e8b465ee728b)  -> (artifact id: 'a108ff20f9f1a7bd2660bf6aef9a6eea') in 0.012877 seconds 
  Import took 0.015923 seconds .

========================================================================
Received Import Request.
  Time since last request: 3.017434 seconds.
  path: Assets/prefabs/EnvBranch.prefab
  artifactKey: Guid(8dd41e7ae980ddb4d8f1badd325dcf40) Importer(815301076,1909f56bfc062723c751e8b465ee728b)
Start importing Assets/prefabs/EnvBranch.prefab using Guid(8dd41e7ae980ddb4d8f1badd325dcf40) Importer(815301076,1909f56bfc062723c751e8b465ee728b)  -> (artifact id: 'f51cd5db0d65cfd0d1de0651917607bb') in 0.011354 seconds 
  Import took 0.013878 seconds .

========================================================================
Received Import Request.
  Time since last request: 11.344099 seconds.
  path: Assets/prefabs/smallHill.prefab
  artifactKey: Guid(8c0e4d4a769fc4046a85b1ec96543145) Importer(815301076,1909f56bfc062723c751e8b465ee728b)
Start importing Assets/prefabs/smallHill.prefab using Guid(8c0e4d4a769fc4046a85b1ec96543145) Importer(815301076,1909f56bfc062723c751e8b465ee728b)  -> (artifact id: 'ceeab1ecdbaaf10b81bbc55f19b3ea71') in 0.012476 seconds 
  Import took 0.015032 seconds .

========================================================================
Received Import Request.
  Time since last request: 182.371347 seconds.
  path: Assets/prefabs/Mushroom.prefab
  artifactKey: Guid(1f82acfe795afe043879714c0d396c4d) Importer(815301076,1909f56bfc062723c751e8b465ee728b)
Start importing Assets/prefabs/Mushroom.prefab using Guid(1f82acfe795afe043879714c0d396c4d) Importer(815301076,1909f56bfc062723c751e8b465ee728b)  -> (artifact id: 'fed64c8181abd02e765c80145c0a8da7') in 0.013456 seconds 
  Import took 0.016425 seconds .

========================================================================
Received Import Request.
  Time since last request: 4.617953 seconds.
  path: Assets/prefabs/Mushroom.prefab
  artifactKey: Guid(1f82acfe795afe043879714c0d396c4d) Importer(815301076,1909f56bfc062723c751e8b465ee728b)
Start importing Assets/prefabs/Mushroom.prefab using Guid(1f82acfe795afe043879714c0d396c4d) Importer(815301076,1909f56bfc062723c751e8b465ee728b)  -> (artifact id: 'c3510822be24d67042b4f12ddb5a3887') in 0.012344 seconds 
  Import took 0.014769 seconds .

========================================================================
Received Import Request.
  Time since last request: 4.566593 seconds.
  path: Assets/prefabs/Mushroom.prefab
  artifactKey: Guid(1f82acfe795afe043879714c0d396c4d) Importer(815301076,1909f56bfc062723c751e8b465ee728b)
Start importing Assets/prefabs/Mushroom.prefab using Guid(1f82acfe795afe043879714c0d396c4d) Importer(815301076,1909f56bfc062723c751e8b465ee728b)  -> (artifact id: '8eebd5f07637341571c755a8d7d32aab') in 0.012839 seconds 
  Import took 0.016288 seconds .

========================================================================
Received Import Request.
  Time since last request: 32.153283 seconds.
  path: Assets/prefabs/Clouds.prefab
  artifactKey: Guid(e44ed6c5a62054c4082c61aed1d4eefc) Importer(815301076,1909f56bfc062723c751e8b465ee728b)
Start importing Assets/prefabs/Clouds.prefab using Guid(e44ed6c5a62054c4082c61aed1d4eefc) Importer(815301076,1909f56bfc062723c751e8b465ee728b)  -> (artifact id: '9d3d0afe5e280d1622ce5cf72ef345c7') in 0.014729 seconds 
  Import took 0.018199 seconds .

========================================================================
Received Prepare
Registering precompiled user dll's ...
Registered in 0.008397 seconds.
Begin MonoManager ReloadAssembly
Native extension for WindowsStandalone target not found
Refreshing native plugins compatible for Editor in 0.29 ms, found 2 plugins.
Preloading 0 native plugins for Editor in 0.00 ms.
Mono: successfully reloaded assembly
- Completed reload, in  0.934 seconds
Domain Reload Profiling:
	ReloadAssembly (935ms)
		BeginReloadAssembly (106ms)
			ExecutionOrderSort (0ms)
			DisableScriptedObjects (4ms)
			BackupInstance (0ms)
			ReleaseScriptingObjects (0ms)
			CreateAndSetChildDomain (29ms)
		EndReloadAssembly (773ms)
			LoadAssemblies (92ms)
			RebuildTransferFunctionScriptingTraits (0ms)
			SetupTypeCache (234ms)
			ReleaseScriptCaches (1ms)
			RebuildScriptCaches (33ms)
			SetupLoadedEditorAssemblies (341ms)
				LogAssemblyErrors (0ms)
				InitializePlatformSupportModulesInManaged (5ms)
				SetLoadedEditorAssemblies (0ms)
				RefreshPlugins (0ms)
				BeforeProcessingInitializeOnLoad (70ms)
				ProcessInitializeOnLoadAttributes (255ms)
				ProcessInitializeOnLoadMethodAttributes (4ms)
				AfterProcessingInitializeOnLoad (6ms)
				EditorAssembliesLoaded (0ms)
			ExecutionOrderSort2 (0ms)
			AwakeInstancesAfterBackupRestoration (6ms)
Platform modules already initialized, skipping
Refreshing native plugins compatible for Editor in 0.34 ms, found 2 plugins.
Preloading 0 native plugins for Editor in 0.00 ms.
Unloading 1394 Unused Serialized files (Serialized files now loaded: 0)
System memory in use before: 68.5 MB.
System memory in use after: 68.6 MB.

Unloading 13 unused Assets to reduce memory usage. Loaded Objects now: 1857.
Total: 2.416600 ms (FindLiveObjects: 0.121700 ms CreateObjectMapping: 0.036000 ms MarkObjects: 2.244000 ms  DeleteObjects: 0.013700 ms)

AssetImportParameters requested are different than current active one (requested -> active):
  custom:framework-win-MediaFoundation: 216162199b28c13a410421893ffa2e32 -> 
  custom:video-decoder-ogg-theora: a1e56fd34408186e4bbccfd4996cb3dc -> 
  custom:container-muxer-webm: aa71ff27fc2769a1b78a27578f13a17b -> 
  custom:container-demuxer-webm: 4f35f7cbe854078d1ac9338744f61a02 -> 
  custom:container-demuxer-ogg: 62fdf1f143b41e24485cea50d1cbac27 -> 
  custom:video-encoder-webm-vp8: eb34c28f22e8b96e1ab97ce403110664 -> 
  custom:video-decoder-webm-vp8: 9c59270c3fd7afecdb556c50c9e8de78 -> 
  custom:audio-decoder-ogg-vorbis: bf7c407c2cedff20999df2af8eb42d56 -> 
  custom:audio-encoder-webm-vorbis: bf7c407c2cedff20999df2af8eb42d56 -> 
========================================================================
Received Import Request.
  Time since last request: 203.547493 seconds.
  path: Assets/prefabs/house.prefab
  artifactKey: Guid(4fe1706001bc38047a0cc2c96d6acaeb) Importer(815301076,1909f56bfc062723c751e8b465ee728b)
Start importing Assets/prefabs/house.prefab using Guid(4fe1706001bc38047a0cc2c96d6acaeb) Importer(815301076,1909f56bfc062723c751e8b465ee728b)  -> (artifact id: '29a771ee20c559e61e23a104efdaf999') in 0.060616 seconds 
  Import took 0.063120 seconds .

========================================================================
Received Import Request.
  Time since last request: 36.209826 seconds.
  path: Assets/prefabs/house.prefab
  artifactKey: Guid(4fe1706001bc38047a0cc2c96d6acaeb) Importer(815301076,1909f56bfc062723c751e8b465ee728b)
Start importing Assets/prefabs/house.prefab using Guid(4fe1706001bc38047a0cc2c96d6acaeb) Importer(815301076,1909f56bfc062723c751e8b465ee728b)  -> (artifact id: 'e04ce546f69760d36f4f38d56c871958') in 0.011870 seconds 
  Import took 0.015308 seconds .

========================================================================
Received Import Request.
  Time since last request: 202.404229 seconds.
  path: Assets/prefabs/house.prefab
  artifactKey: Guid(4fe1706001bc38047a0cc2c96d6acaeb) Importer(815301076,1909f56bfc062723c751e8b465ee728b)
Start importing Assets/prefabs/house.prefab using Guid(4fe1706001bc38047a0cc2c96d6acaeb) Importer(815301076,1909f56bfc062723c751e8b465ee728b)  -> (artifact id: '29c167a40c0bcdcf4bbb0f1a187fc23b') in 0.012302 seconds 
  Import took 0.014946 seconds .

========================================================================
Received Import Request.
  Time since last request: 2.398332 seconds.
  path: Assets/prefabs/house.prefab
  artifactKey: Guid(4fe1706001bc38047a0cc2c96d6acaeb) Importer(815301076,1909f56bfc062723c751e8b465ee728b)
Start importing Assets/prefabs/house.prefab using Guid(4fe1706001bc38047a0cc2c96d6acaeb) Importer(815301076,1909f56bfc062723c751e8b465ee728b)  -> (artifact id: 'e5d16335a598890510ebe8edae5bd914') in 0.011922 seconds 
  Import took 0.014830 seconds .

========================================================================
Received Import Request.
  Time since last request: 2.614732 seconds.
  path: Assets/prefabs/house.prefab
  artifactKey: Guid(4fe1706001bc38047a0cc2c96d6acaeb) Importer(815301076,1909f56bfc062723c751e8b465ee728b)
Start importing Assets/prefabs/house.prefab using Guid(4fe1706001bc38047a0cc2c96d6acaeb) Importer(815301076,1909f56bfc062723c751e8b465ee728b)  -> (artifact id: '430dae5ce4f05a1441a32ec28f1e8a6a') in 0.013561 seconds 
  Import took 0.016221 seconds .

========================================================================
Received Import Request.
  Time since last request: 54.997019 seconds.
  path: Assets/prefabs/EnvBranch.prefab
  artifactKey: Guid(8dd41e7ae980ddb4d8f1badd325dcf40) Importer(815301076,1909f56bfc062723c751e8b465ee728b)
Start importing Assets/prefabs/EnvBranch.prefab using Guid(8dd41e7ae980ddb4d8f1badd325dcf40) Importer(815301076,1909f56bfc062723c751e8b465ee728b)  -> (artifact id: '1c5ca20acce9b66b26a9be997a0e7df3') in 0.013036 seconds 
  Import took 0.015655 seconds .

========================================================================
Received Import Request.
  Time since last request: 4.836212 seconds.
  path: Assets/prefabs/EnvBranch.prefab
  artifactKey: Guid(8dd41e7ae980ddb4d8f1badd325dcf40) Importer(815301076,1909f56bfc062723c751e8b465ee728b)
Start importing Assets/prefabs/EnvBranch.prefab using Guid(8dd41e7ae980ddb4d8f1badd325dcf40) Importer(815301076,1909f56bfc062723c751e8b465ee728b)  -> (artifact id: '4b22f1cc67eadf07e4f6beaca9ea95d9') in 0.011680 seconds 
  Import took 0.014824 seconds .

========================================================================
Received Import Request.
  Time since last request: 5.463237 seconds.
  path: Assets/prefabs/EnvBranch.prefab
  artifactKey: Guid(8dd41e7ae980ddb4d8f1badd325dcf40) Importer(815301076,1909f56bfc062723c751e8b465ee728b)
Start importing Assets/prefabs/EnvBranch.prefab using Guid(8dd41e7ae980ddb4d8f1badd325dcf40) Importer(815301076,1909f56bfc062723c751e8b465ee728b)  -> (artifact id: 'ca8f999545cec9d9f92c29aed2fb9724') in 0.011384 seconds 
  Import took 0.014281 seconds .

========================================================================
Received Import Request.
  Time since last request: 5.284675 seconds.
  path: Assets/prefabs/EnvBranch.prefab
  artifactKey: Guid(8dd41e7ae980ddb4d8f1badd325dcf40) Importer(815301076,1909f56bfc062723c751e8b465ee728b)
Start importing Assets/prefabs/EnvBranch.prefab using Guid(8dd41e7ae980ddb4d8f1badd325dcf40) Importer(815301076,1909f56bfc062723c751e8b465ee728b)  -> (artifact id: '41eda6a2e708fed37e4d4a315ae9f8ac') in 0.011654 seconds 
  Import took 0.014081 seconds .

========================================================================
Received Import Request.
  Time since last request: 70.444988 seconds.
  path: Assets/prefabs/Mushroom.prefab
  artifactKey: Guid(1f82acfe795afe043879714c0d396c4d) Importer(815301076,1909f56bfc062723c751e8b465ee728b)
Start importing Assets/prefabs/Mushroom.prefab using Guid(1f82acfe795afe043879714c0d396c4d) Importer(815301076,1909f56bfc062723c751e8b465ee728b)  -> (artifact id: '8092dbf5fbf0d79a34309073a45b945c') in 0.015026 seconds 
  Import took 0.018168 seconds .

========================================================================
Received Import Request.
  Time since last request: 2.180967 seconds.
  path: Assets/prefabs/Mushroom.prefab
  artifactKey: Guid(1f82acfe795afe043879714c0d396c4d) Importer(815301076,1909f56bfc062723c751e8b465ee728b)
Start importing Assets/prefabs/Mushroom.prefab using Guid(1f82acfe795afe043879714c0d396c4d) Importer(815301076,1909f56bfc062723c751e8b465ee728b)  -> (artifact id: '5249a767661605642df8ace3c214a059') in 0.014198 seconds 
  Import took 0.017062 seconds .

========================================================================
Received Import Request.
  Time since last request: 6.648861 seconds.
  path: Assets/prefabs/Mushroom.prefab
  artifactKey: Guid(1f82acfe795afe043879714c0d396c4d) Importer(815301076,1909f56bfc062723c751e8b465ee728b)
Start importing Assets/prefabs/Mushroom.prefab using Guid(1f82acfe795afe043879714c0d396c4d) Importer(815301076,1909f56bfc062723c751e8b465ee728b)  -> (artifact id: 'a255e403e8153c3f7532b4a6915d3b49') in 0.013708 seconds 
  Import took 0.016606 seconds .

========================================================================
Received Import Request.
  Time since last request: 7.469092 seconds.
  path: Assets/prefabs/Mushroom.prefab
  artifactKey: Guid(1f82acfe795afe043879714c0d396c4d) Importer(815301076,1909f56bfc062723c751e8b465ee728b)
Start importing Assets/prefabs/Mushroom.prefab using Guid(1f82acfe795afe043879714c0d396c4d) Importer(815301076,1909f56bfc062723c751e8b465ee728b)  -> (artifact id: '2c098f9e107e62378d07ffd892ce02ab') in 0.013009 seconds 
  Import took 0.015915 seconds .

========================================================================
Received Import Request.
  Time since last request: 99.842606 seconds.
  path: Assets/prefabs/smallHill.prefab
  artifactKey: Guid(8c0e4d4a769fc4046a85b1ec96543145) Importer(815301076,1909f56bfc062723c751e8b465ee728b)
Start importing Assets/prefabs/smallHill.prefab using Guid(8c0e4d4a769fc4046a85b1ec96543145) Importer(815301076,1909f56bfc062723c751e8b465ee728b)  -> (artifact id: '3ea3ad723c0cafdc90e7d247587ef42c') in 0.013357 seconds 
  Import took 0.016731 seconds .

========================================================================
Received Import Request.
  Time since last request: 4.022888 seconds.
  path: Assets/prefabs/smallHill.prefab
  artifactKey: Guid(8c0e4d4a769fc4046a85b1ec96543145) Importer(815301076,1909f56bfc062723c751e8b465ee728b)
Start importing Assets/prefabs/smallHill.prefab using Guid(8c0e4d4a769fc4046a85b1ec96543145) Importer(815301076,1909f56bfc062723c751e8b465ee728b)  -> (artifact id: '45bcb81f887c607718a7b9b871e6f48e') in 0.012085 seconds 
  Import took 0.015006 seconds .

========================================================================
Received Import Request.
  Time since last request: 3.012379 seconds.
  path: Assets/prefabs/smallHill.prefab
  artifactKey: Guid(8c0e4d4a769fc4046a85b1ec96543145) Importer(815301076,1909f56bfc062723c751e8b465ee728b)
Start importing Assets/prefabs/smallHill.prefab using Guid(8c0e4d4a769fc4046a85b1ec96543145) Importer(815301076,1909f56bfc062723c751e8b465ee728b)  -> (artifact id: '9025fab6b419a3f6536fa28b422c9208') in 0.013628 seconds 
  Import took 0.016140 seconds .

========================================================================
Received Import Request.
  Time since last request: 9.692649 seconds.
  path: Assets/prefabs/Stones.prefab
  artifactKey: Guid(67828319a44fea94fa4f88d13e31b374) Importer(815301076,1909f56bfc062723c751e8b465ee728b)
Start importing Assets/prefabs/Stones.prefab using Guid(67828319a44fea94fa4f88d13e31b374) Importer(815301076,1909f56bfc062723c751e8b465ee728b)  -> (artifact id: '9ff477e5b49abdb79cc86b1c059f7149') in 0.012418 seconds 
  Import took 0.015436 seconds .

========================================================================
Received Import Request.
  Time since last request: 2.390660 seconds.
  path: Assets/prefabs/Stones.prefab
  artifactKey: Guid(67828319a44fea94fa4f88d13e31b374) Importer(815301076,1909f56bfc062723c751e8b465ee728b)
Start importing Assets/prefabs/Stones.prefab using Guid(67828319a44fea94fa4f88d13e31b374) Importer(815301076,1909f56bfc062723c751e8b465ee728b)  -> (artifact id: 'f8d374eb5267b98092b846f1b654cb45') in 0.014675 seconds 
  Import took 0.018104 seconds .

========================================================================
Received Import Request.
  Time since last request: 2.429562 seconds.
  path: Assets/prefabs/Stones.prefab
  artifactKey: Guid(67828319a44fea94fa4f88d13e31b374) Importer(815301076,1909f56bfc062723c751e8b465ee728b)
Start importing Assets/prefabs/Stones.prefab using Guid(67828319a44fea94fa4f88d13e31b374) Importer(815301076,1909f56bfc062723c751e8b465ee728b)  -> (artifact id: '2debfbdbf83a74fb753a3488b638b1b4') in 0.012283 seconds 
  Import took 0.014723 seconds .

========================================================================
Received Import Request.
  Time since last request: 8.685471 seconds.
  path: Assets/prefabs/Clouds.prefab
  artifactKey: Guid(e44ed6c5a62054c4082c61aed1d4eefc) Importer(815301076,1909f56bfc062723c751e8b465ee728b)
Start importing Assets/prefabs/Clouds.prefab using Guid(e44ed6c5a62054c4082c61aed1d4eefc) Importer(815301076,1909f56bfc062723c751e8b465ee728b)  -> (artifact id: '40aff257cf5047757943e3c15fd5cfac') in 0.013714 seconds 
  Import took 0.016908 seconds .

========================================================================
Received Import Request.
  Time since last request: 1.791558 seconds.
  path: Assets/prefabs/Clouds.prefab
  artifactKey: Guid(e44ed6c5a62054c4082c61aed1d4eefc) Importer(815301076,1909f56bfc062723c751e8b465ee728b)
Start importing Assets/prefabs/Clouds.prefab using Guid(e44ed6c5a62054c4082c61aed1d4eefc) Importer(815301076,1909f56bfc062723c751e8b465ee728b)  -> (artifact id: 'd516761b3253d361ec12933d661e6e0a') in 0.011921 seconds 
  Import took 0.014327 seconds .

========================================================================
Received Import Request.
  Time since last request: 3.220217 seconds.
  path: Assets/prefabs/Clouds.prefab
  artifactKey: Guid(e44ed6c5a62054c4082c61aed1d4eefc) Importer(815301076,1909f56bfc062723c751e8b465ee728b)
Start importing Assets/prefabs/Clouds.prefab using Guid(e44ed6c5a62054c4082c61aed1d4eefc) Importer(815301076,1909f56bfc062723c751e8b465ee728b)  -> (artifact id: 'd8c60e34d59df3ddee82ef6505912eff') in 0.013604 seconds 
  Import took 0.016799 seconds .

========================================================================
Received Import Request.
  Time since last request: 9.676119 seconds.
  path: Assets/prefabs/Rock.prefab
  artifactKey: Guid(ed7575858e744b94da4ec9a8c1dfea24) Importer(815301076,1909f56bfc062723c751e8b465ee728b)
Start importing Assets/prefabs/Rock.prefab using Guid(ed7575858e744b94da4ec9a8c1dfea24) Importer(815301076,1909f56bfc062723c751e8b465ee728b)  -> (artifact id: '27b79b8b92884bf09ada60754f883830') in 0.011731 seconds 
  Import took 0.014802 seconds .

========================================================================
Received Import Request.
  Time since last request: 2.002892 seconds.
  path: Assets/prefabs/Rock.prefab
  artifactKey: Guid(ed7575858e744b94da4ec9a8c1dfea24) Importer(815301076,1909f56bfc062723c751e8b465ee728b)
Start importing Assets/prefabs/Rock.prefab using Guid(ed7575858e744b94da4ec9a8c1dfea24) Importer(815301076,1909f56bfc062723c751e8b465ee728b)  -> (artifact id: 'a99ce42cb35cf0ba17cc131c140413fc') in 0.013339 seconds 
  Import took 0.015942 seconds .

========================================================================
Received Import Request.
  Time since last request: 4.231290 seconds.
  path: Assets/prefabs/Rock.prefab
  artifactKey: Guid(ed7575858e744b94da4ec9a8c1dfea24) Importer(815301076,1909f56bfc062723c751e8b465ee728b)
Start importing Assets/prefabs/Rock.prefab using Guid(ed7575858e744b94da4ec9a8c1dfea24) Importer(815301076,1909f56bfc062723c751e8b465ee728b)  -> (artifact id: 'fc4c1a39294de47f71594e9860ee0d11') in 0.011459 seconds 
  Import took 0.014130 seconds .

========================================================================
Received Import Request.
  Time since last request: 190.350338 seconds.
  path: Assets/imports/perfect-lowpoly-crate/textures/crate_ao.png
  artifactKey: Guid(32bc9f1b8e086b14da55df72b9fad63a) Importer(815301076,1909f56bfc062723c751e8b465ee728b)
Start importing Assets/imports/perfect-lowpoly-crate/textures/crate_ao.png using Guid(32bc9f1b8e086b14da55df72b9fad63a) Importer(815301076,1909f56bfc062723c751e8b465ee728b)  -> (artifact id: '8fd901fd1ee9aa544e0778813660ca31') in 0.090964 seconds 
  Import took 0.094024 seconds .

========================================================================
Received Import Request.
  Time since last request: 0.000326 seconds.
  path: Assets/imports/perfect-lowpoly-crate/textures/crate_normal.png
  artifactKey: Guid(30a04d90da322e24798a9d29b486cdc3) Importer(815301076,1909f56bfc062723c751e8b465ee728b)
Start importing Assets/imports/perfect-lowpoly-crate/textures/crate_normal.png using Guid(30a04d90da322e24798a9d29b486cdc3) Importer(815301076,1909f56bfc062723c751e8b465ee728b)  -> (artifact id: 'f4486453036b0e30c82bb6cf427ca0c4') in 0.013106 seconds 
  Import took 0.015532 seconds .

========================================================================
Received Import Request.
  Time since last request: 0.003352 seconds.
  path: Assets/imports/perfect-lowpoly-crate/textures/crate_normal.png
  artifactKey: Guid(30a04d90da322e24798a9d29b486cdc3) Importer(815301076,1909f56bfc062723c751e8b465ee728b)
Start importing Assets/imports/perfect-lowpoly-crate/textures/crate_normal.png using Guid(30a04d90da322e24798a9d29b486cdc3) Importer(815301076,1909f56bfc062723c751e8b465ee728b)  -> (artifact id: 'f4486453036b0e30c82bb6cf427ca0c4') in 0.011251 seconds 
  Import took 0.013660 seconds .

========================================================================
Received Import Request.
  Time since last request: 0.424575 seconds.
  path: Assets/imports/perfect-lowpoly-crate/source/LP_Crate.fbx
  artifactKey: Guid(541a4ed9e4470474d95916a63358d759) Importer(815301076,1909f56bfc062723c751e8b465ee728b)
Start importing Assets/imports/perfect-lowpoly-crate/source/LP_Crate.fbx using Guid(541a4ed9e4470474d95916a63358d759) Importer(815301076,1909f56bfc062723c751e8b465ee728b)  -> (artifact id: 'd22430859a7ae67392f50c4c3a3abf0b') in 0.069551 seconds 
  Import took 0.072691 seconds .

========================================================================
Received Import Request.
  Time since last request: 737.545231 seconds.
  path: Assets/imports/perfect-lowpoly-crate/source/01 - Default.mat
  artifactKey: Guid(164b6209316e3f3499472e48db9b32de) Importer(815301076,1909f56bfc062723c751e8b465ee728b)
Start importing Assets/imports/perfect-lowpoly-crate/source/01 - Default.mat using Guid(164b6209316e3f3499472e48db9b32de) Importer(815301076,1909f56bfc062723c751e8b465ee728b)  -> (artifact id: '5d2ec8bd50c86eb4db5dd2ba76e5bab2') in 0.027211 seconds 
  Import took 0.029936 seconds .

========================================================================
Received Import Request.
  Time since last request: 0.000325 seconds.
  path: Assets/imports/perfect-lowpoly-crate/source/LP_Crate.fbx
  artifactKey: Guid(541a4ed9e4470474d95916a63358d759) Importer(815301076,1909f56bfc062723c751e8b465ee728b)
Start importing Assets/imports/perfect-lowpoly-crate/source/LP_Crate.fbx using Guid(541a4ed9e4470474d95916a63358d759) Importer(815301076,1909f56bfc062723c751e8b465ee728b)  -> (artifact id: '0e060a2f5d5f307db1ae689b1f699aa0') in 0.017076 seconds 
  Import took 0.019874 seconds .

========================================================================
Received Import Request.
  Time since last request: 12.462277 seconds.
  path: Assets/Materials/Crate.mat
  artifactKey: Guid(164b6209316e3f3499472e48db9b32de) Importer(815301076,1909f56bfc062723c751e8b465ee728b)
Start importing Assets/Materials/Crate.mat using Guid(164b6209316e3f3499472e48db9b32de) Importer(815301076,1909f56bfc062723c751e8b465ee728b)  -> (artifact id: 'a7e08035aed39f0deedc17153e6d03e3') in 0.012594 seconds 
  Import took 0.024814 seconds .

========================================================================
Received Import Request.
  Time since last request: 510.645347 seconds.
  path: Assets/Materials/Grass Texture 1.jpg
  artifactKey: Guid(40e73651025e69943aaa503722736d04) Importer(815301076,1909f56bfc062723c751e8b465ee728b)
Start importing Assets/Materials/Grass Texture 1.jpg using Guid(40e73651025e69943aaa503722736d04) Importer(815301076,1909f56bfc062723c751e8b465ee728b)  -> (artifact id: '7fb96bf13eea4db2a49536819d415e9b') in 0.063250 seconds 
  Import took 0.066333 seconds .

========================================================================
Received Import Request.
  Time since last request: 302.636279 seconds.
  path: Assets/Materials/Crate.mat
  artifactKey: Guid(164b6209316e3f3499472e48db9b32de) Importer(815301076,1909f56bfc062723c751e8b465ee728b)
Start importing Assets/Materials/Crate.mat using Guid(164b6209316e3f3499472e48db9b32de) Importer(815301076,1909f56bfc062723c751e8b465ee728b)  -> (artifact id: '549d7c0c63279160c580be4706394210') in 0.035730 seconds 
  Import took 0.038460 seconds .

========================================================================
Received Import Request.
  Time since last request: 0.000349 seconds.
  path: Assets/Materials/MushroomPileus.mat
  artifactKey: Guid(ab5af13bdea3bb44fa1ae883ec84aadd) Importer(815301076,1909f56bfc062723c751e8b465ee728b)
Start importing Assets/Materials/MushroomPileus.mat using Guid(ab5af13bdea3bb44fa1ae883ec84aadd) Importer(815301076,1909f56bfc062723c751e8b465ee728b)  -> (artifact id: 'af4a0b93b4476c160d868bd104c3d8e3') in 0.011028 seconds 
  Import took 0.013557 seconds .

========================================================================
Received Import Request.
  Time since last request: 0.000302 seconds.
  path: Assets/Materials/Grass.mat
  artifactKey: Guid(6d534bbb9636da84dbcd0c648b1e4c6a) Importer(815301076,1909f56bfc062723c751e8b465ee728b)
Start importing Assets/Materials/Grass.mat using Guid(6d534bbb9636da84dbcd0c648b1e4c6a) Importer(815301076,1909f56bfc062723c751e8b465ee728b)  -> (artifact id: '490ea9a03c3491739a79483324108426') in 0.024238 seconds 
  Import took 0.026647 seconds .

AssetImportWorkerClient::OnTransportError - code=2 error=End of file
